<?xml version="1.0" encoding="UTF-8"?>
<testsuites name="jest tests" tests="5" failures="0" errors="0" time="5.292">
  <testsuite name="undefined" errors="0" failures="0" skipped="0" timestamp="2025-03-07T12:00:42" time="1.802" tests="1">
    <testcase classname=" renders learn react link" name=" renders learn react link" time="0.049">
    </testcase>
  </testsuite>
  <testsuite name="TodoList Component" errors="0" failures="0" skipped="0" timestamp="2025-03-07T12:00:42" time="2.39" tests="4">
    <testcase classname="TodoList Component renders the TodoList component with initial todos" name="TodoList Component renders the TodoList component with initial todos" time="0.038">
    </testcase>
    <testcase classname="TodoList Component adds a new todo when the form is submitted" name="TodoList Component adds a new todo when the form is submitted" time="0.015">
    </testcase>
    <testcase classname="TodoList Component toggles a todo when clicked" name="TodoList Component toggles a todo when clicked" time="0.007">
    </testcase>
    <testcase classname="TodoList Component deletes a todo when the delete button is clicked" name="TodoList Component deletes a todo when the delete button is clicked" time="0.005">
    </testcase>
  </testsuite>
</testsuites>