<?xml version="1.0" encoding="UTF-8"?>
<testsuites name="jest tests" tests="8" failures="0" errors="0" time="6.082">
  <testsuite name="AddTodoForm Component" errors="0" failures="0" skipped="0" timestamp="2025-03-07T10:42:39" time="1.925" tests="3">
    <testcase classname="AddTodoForm Component renders the form correctly" name="AddTodoForm Component renders the form correctly" time="0.04">
    </testcase>
    <testcase classname="AddTodoForm Component updates input value when typed into" name="AddTodoForm Component updates input value when typed into" time="0.015">
    </testcase>
    <testcase classname="AddTodoForm Component calls onAddTodo and clears input when form is submitted" name="AddTodoForm Component calls onAddTodo and clears input when form is submitted" time="0.011">
    </testcase>
  </testsuite>
  <testsuite name="undefined" errors="0" failures="0" skipped="0" timestamp="2025-03-07T10:42:39" time="2.027" tests="1">
    <testcase classname=" renders learn react link" name=" renders learn react link" time="0.063">
    </testcase>
  </testsuite>
  <testsuite name="TodoItem Component" errors="0" failures="0" skipped="0" timestamp="2025-03-07T10:42:39" time="1.986" tests="4">
    <testcase classname="TodoItem Component renders the todo item correctly" name="TodoItem Component renders the todo item correctly" time="0.04">
    </testcase>
    <testcase classname="TodoItem Component calls onToggle when the todo text is clicked" name="TodoItem Component calls onToggle when the todo text is clicked" time="0.011">
    </testcase>
    <testcase classname="TodoItem Component calls onDelete when the delete button is clicked" name="TodoItem Component calls onDelete when the delete button is clicked" time="0.006">
    </testcase>
    <testcase classname="TodoItem Component applies completed style when todo is completed" name="TodoItem Component applies completed style when todo is completed" time="0.037">
    </testcase>
  </testsuite>
</testsuites>