<?xml version="1.0" encoding="UTF-8"?>
<testsuites name="jest tests" tests="9" failures="0" errors="0" time="5.785">
  <testsuite name="undefined" errors="0" failures="0" skipped="0" timestamp="2025-03-07T12:17:13" time="2.266" tests="1">
    <testcase classname=" renders learn react link" name=" renders learn react link" time="0.072">
    </testcase>
  </testsuite>
  <testsuite name="undefined" errors="0" failures="0" skipped="0" timestamp="2025-03-07T12:17:13" time="2.458" tests="4">
    <testcase classname=" renders the TodoList component with initial todos" name=" renders the TodoList component with initial todos" time="0.134">
    </testcase>
    <testcase classname=" adds a new todo when the form is submitted" name=" adds a new todo when the form is submitted" time="0.042">
    </testcase>
    <testcase classname=" toggles a todo when clicked" name=" toggles a todo when clicked" time="0.022">
    </testcase>
    <testcase classname=" deletes a todo when the delete button is clicked" name=" deletes a todo when the delete button is clicked" time="0.062">
    </testcase>
  </testsuite>
  <testsuite name="undefined" errors="0" failures="0" skipped="0" timestamp="2025-03-07T12:17:13" time="2.454" tests="4">
    <testcase classname=" renders the TodoList component with initial todos" name=" renders the TodoList component with initial todos" time="0.123">
    </testcase>
    <testcase classname=" adds a new todo when the form is submitted" name=" adds a new todo when the form is submitted" time="0.053">
    </testcase>
    <testcase classname=" toggles a todo when clicked" name=" toggles a todo when clicked" time="0.025">
    </testcase>
    <testcase classname=" deletes a todo when the delete button is clicked" name=" deletes a todo when the delete button is clicked" time="0.032">
    </testcase>
  </testsuite>
</testsuites>